Build started 17.12.2015 15:55:32.
     1>Project "C:\Users\tkach\OneDrive\EPFL\Code\HModel\display\opengl-renderer-build\opengl-renderer.vcxproj" on node 2 (Build target(s)).
     1>ClCompile:
         C:\Program Files (x86)\Microsoft Visual Studio 12.0\VC\bin\x86_amd64\CL.exe /c /IC:\Developer\include /I"C:\Users\tkach\OneDrive\EPFL\Code\HModel\display\opengl-renderer" /Zi /nologo /W3 /WX- /Od /Ob0 /D WIN32 /D _WINDOWS /D _DEBUG /D GLEW_STATIC /D HEADERONLY /D USE_EIGEN /D "CMAKE_INTDIR=\"Debug\"" /D _MBCS /Gm- /EHsc /RTC1 /MDd /GS /fp:precise /Zc:wchar_t /Zc:forScope /GR /Fo"opengl-renderer.dir\Debug\\" /Fd"opengl-renderer.dir\Debug\vc120.pdb" /Gd /TP /errorReport:prompt "C:\Users\tkach\OneDrive\EPFL\Code\HModel\display\opengl-renderer\opengl-renderer.cpp"
         opengl-renderer.cpp
     1>c:\developer\include\opengp\surface_mesh\IO_obj.cpp(51): warning C4996: 'fopen': This function or variable may be unsafe. Consider using fopen_s instead. To disable deprecation, use _CRT_SECURE_NO_WARNINGS. See online help for details.
                 C:\Program Files (x86)\Microsoft Visual Studio 12.0\VC\include\stdio.h(211) : see declaration of 'fopen'
     1>c:\developer\include\opengp\surface_mesh\IO_obj.cpp(68): warning C4996: 'sscanf': This function or variable may be unsafe. Consider using sscanf_s instead. To disable deprecation, use _CRT_SECURE_NO_WARNINGS. See online help for details.
                 C:\Program Files (x86)\Microsoft Visual Studio 12.0\VC\include\stdio.h(304) : see declaration of 'sscanf'
     1>c:\developer\include\opengp\surface_mesh\IO_obj.cpp(76): warning C4996: 'sscanf': This function or variable may be unsafe. Consider using sscanf_s instead. To disable deprecation, use _CRT_SECURE_NO_WARNINGS. See online help for details.
                 C:\Program Files (x86)\Microsoft Visual Studio 12.0\VC\include\stdio.h(304) : see declaration of 'sscanf'
     1>c:\developer\include\opengp\surface_mesh\IO_obj.cpp(86): warning C4996: 'sscanf': This function or variable may be unsafe. Consider using sscanf_s instead. To disable deprecation, use _CRT_SECURE_NO_WARNINGS. See online help for details.
                 C:\Program Files (x86)\Microsoft Visual Studio 12.0\VC\include\stdio.h(304) : see declaration of 'sscanf'
     1>c:\developer\include\opengp\surface_mesh\IO_obj.cpp(198): warning C4996: 'fopen': This function or variable may be unsafe. Consider using fopen_s instead. To disable deprecation, use _CRT_SECURE_NO_WARNINGS. See online help for details.
                 C:\Program Files (x86)\Microsoft Visual Studio 12.0\VC\include\stdio.h(211) : see declaration of 'fopen'
     1>c:\developer\include\opengp\surface_mesh\IO_off.cpp(64): warning C4996: 'fscanf': This function or variable may be unsafe. Consider using fscanf_s instead. To disable deprecation, use _CRT_SECURE_NO_WARNINGS. See online help for details.
                 C:\Program Files (x86)\Microsoft Visual Studio 12.0\VC\include\stdio.h(230) : see declaration of 'fscanf'
     1>c:\developer\include\opengp\surface_mesh\IO_off.cpp(77): warning C4996: 'sscanf': This function or variable may be unsafe. Consider using sscanf_s instead. To disable deprecation, use _CRT_SECURE_NO_WARNINGS. See online help for details.
                 C:\Program Files (x86)\Microsoft Visual Studio 12.0\VC\include\stdio.h(304) : see declaration of 'sscanf'
     1>c:\developer\include\opengp\surface_mesh\IO_off.cpp(85): warning C4996: 'sscanf': This function or variable may be unsafe. Consider using sscanf_s instead. To disable deprecation, use _CRT_SECURE_NO_WARNINGS. See online help for details.
                 C:\Program Files (x86)\Microsoft Visual Studio 12.0\VC\include\stdio.h(304) : see declaration of 'sscanf'
     1>c:\developer\include\opengp\surface_mesh\IO_off.cpp(95): warning C4996: 'sscanf': This function or variable may be unsafe. Consider using sscanf_s instead. To disable deprecation, use _CRT_SECURE_NO_WARNINGS. See online help for details.
                 C:\Program Files (x86)\Microsoft Visual Studio 12.0\VC\include\stdio.h(304) : see declaration of 'sscanf'
     1>c:\developer\include\opengp\surface_mesh\IO_off.cpp(97): warning C4305: 'argument' : truncation from 'double' to 'const float'
     1>c:\developer\include\opengp\surface_mesh\IO_off.cpp(106): warning C4996: 'sscanf': This function or variable may be unsafe. Consider using sscanf_s instead. To disable deprecation, use _CRT_SECURE_NO_WARNINGS. See online help for details.
                 C:\Program Files (x86)\Microsoft Visual Studio 12.0\VC\include\stdio.h(304) : see declaration of 'sscanf'
     1>c:\developer\include\opengp\surface_mesh\IO_off.cpp(125): warning C4996: 'sscanf': This function or variable may be unsafe. Consider using sscanf_s instead. To disable deprecation, use _CRT_SECURE_NO_WARNINGS. See online help for details.
                 C:\Program Files (x86)\Microsoft Visual Studio 12.0\VC\include\stdio.h(304) : see declaration of 'sscanf'
     1>c:\developer\include\opengp\surface_mesh\IO_off.cpp(133): warning C4996: 'sscanf': This function or variable may be unsafe. Consider using sscanf_s instead. To disable deprecation, use _CRT_SECURE_NO_WARNINGS. See online help for details.
                 C:\Program Files (x86)\Microsoft Visual Studio 12.0\VC\include\stdio.h(304) : see declaration of 'sscanf'
     1>c:\developer\include\opengp\surface_mesh\IO_off.cpp(239): warning C4996: 'fopen': This function or variable may be unsafe. Consider using fopen_s instead. To disable deprecation, use _CRT_SECURE_NO_WARNINGS. See online help for details.
                 C:\Program Files (x86)\Microsoft Visual Studio 12.0\VC\include\stdio.h(211) : see declaration of 'fopen'
     1>c:\developer\include\opengp\surface_mesh\IO_off.cpp(268): warning C4996: 'fopen': This function or variable may be unsafe. Consider using fopen_s instead. To disable deprecation, use _CRT_SECURE_NO_WARNINGS. See online help for details.
                 C:\Program Files (x86)\Microsoft Visual Studio 12.0\VC\include\stdio.h(211) : see declaration of 'fopen'
     1>c:\developer\include\opengp\surface_mesh\IO_off.cpp(290): warning C4996: 'fopen': This function or variable may be unsafe. Consider using fopen_s instead. To disable deprecation, use _CRT_SECURE_NO_WARNINGS. See online help for details.
                 C:\Program Files (x86)\Microsoft Visual Studio 12.0\VC\include\stdio.h(211) : see declaration of 'fopen'
     1>c:\developer\include\opengp\surface_mesh\IO_poly.cpp(45): warning C4996: 'fopen': This function or variable may be unsafe. Consider using fopen_s instead. To disable deprecation, use _CRT_SECURE_NO_WARNINGS. See online help for details.
                 C:\Program Files (x86)\Microsoft Visual Studio 12.0\VC\include\stdio.h(211) : see declaration of 'fopen'
     1>c:\developer\include\opengp\surface_mesh\IO_poly.cpp(75): warning C4267: '=' : conversion from 'size_t' to 'unsigned int', possible loss of data
     1>c:\developer\include\opengp\surface_mesh\IO_poly.cpp(76): warning C4267: '=' : conversion from 'size_t' to 'unsigned int', possible loss of data
     1>c:\developer\include\opengp\surface_mesh\IO_poly.cpp(77): warning C4267: '=' : conversion from 'size_t' to 'unsigned int', possible loss of data
     1>c:\developer\include\opengp\surface_mesh\IO_poly.cpp(78): warning C4267: '=' : conversion from 'size_t' to 'unsigned int', possible loss of data
     1>c:\developer\include\opengp\surface_mesh\IO_stl.cpp(89): warning C4996: 'fopen': This function or variable may be unsafe. Consider using fopen_s instead. To disable deprecation, use _CRT_SECURE_NO_WARNINGS. See online help for details.
                 C:\Program Files (x86)\Microsoft Visual Studio 12.0\VC\include\stdio.h(211) : see declaration of 'fopen'
     1>c:\developer\include\opengp\surface_mesh\IO_stl.cpp(105): warning C4996: 'fopen': This function or variable may be unsafe. Consider using fopen_s instead. To disable deprecation, use _CRT_SECURE_NO_WARNINGS. See online help for details.
                 C:\Program Files (x86)\Microsoft Visual Studio 12.0\VC\include\stdio.h(211) : see declaration of 'fopen'
     1>c:\developer\include\opengp\surface_mesh\IO_stl.cpp(178): warning C4996: 'sscanf': This function or variable may be unsafe. Consider using sscanf_s instead. To disable deprecation, use _CRT_SECURE_NO_WARNINGS. See online help for details.
                 C:\Program Files (x86)\Microsoft Visual Studio 12.0\VC\include\stdio.h(304) : see declaration of 'sscanf'
     1>c:\developer\include\opengp\Surface_mesh.cpp(379): warning C4267: 'initializing' : conversion from 'size_t' to 'const unsigned int', possible loss of data
     1>C:\Users\tkach\OneDrive\EPFL\Code\HModel\display\opengl-renderer\opengl-renderer.cpp(64): warning C4305: 'argument' : truncation from 'double' to 'const float'
     1>C:\Users\tkach\OneDrive\EPFL\Code\HModel\display\opengl-renderer\opengl-renderer.cpp(65): warning C4305: 'argument' : truncation from 'double' to 'const float'
     1>C:\Users\tkach\OneDrive\EPFL\Code\HModel\display\opengl-renderer\opengl-renderer.cpp(108): warning C4244: 'argument' : conversion from 'int' to 'GLfloat', possible loss of data
     1>C:\Users\tkach\OneDrive\EPFL\Code\HModel\display\opengl-renderer\opengl-renderer.cpp(109): warning C4244: 'argument' : conversion from 'int' to 'GLfloat', possible loss of data
     1>C:\Users\tkach\OneDrive\EPFL\Code\HModel\display\opengl-renderer\opengl-renderer.cpp(110): warning C4244: 'argument' : conversion from 'int' to 'GLfloat', possible loss of data
     1>C:\Users\tkach\OneDrive\EPFL\Code\HModel\display\opengl-renderer\opengl-renderer.cpp(111): warning C4244: 'argument' : conversion from 'int' to 'GLfloat', possible loss of data
     1>C:\Users\tkach\OneDrive\EPFL\Code\HModel\display\opengl-renderer\opengl-renderer.cpp(192): warning C4244: '=' : conversion from 'GLfloat' to 'int', possible loss of data
     1>C:\Users\tkach\OneDrive\EPFL\Code\HModel\display\opengl-renderer\opengl-renderer.cpp(249): warning C4244: 'argument' : conversion from 'double' to '__int64', possible loss of data
     1>C:\Users\tkach\OneDrive\EPFL\Code\HModel\display\opengl-renderer\opengl-renderer.cpp(254): warning C4267: 'initializing' : conversion from 'size_t' to 'int', possible loss of data
     1>C:\Users\tkach\OneDrive\EPFL\Code\HModel\display\opengl-renderer\opengl-renderer.cpp(255): warning C4267: 'initializing' : conversion from 'size_t' to 'int', possible loss of data
     1>C:\Users\tkach\OneDrive\EPFL\Code\HModel\display\opengl-renderer\opengl-renderer.cpp(280): warning C4244: 'argument' : conversion from 'double' to 'const float', possible loss of data
     1>C:\Users\tkach\OneDrive\EPFL\Code\HModel\display\opengl-renderer\opengl-renderer.cpp(305): warning C4244: '=' : conversion from 'double' to 'float', possible loss of data
     1>C:\Users\tkach\OneDrive\EPFL\Code\HModel\display\opengl-renderer\opengl-renderer.cpp(306): warning C4244: '=' : conversion from 'double' to 'float', possible loss of data
     1>C:\Users\tkach\OneDrive\EPFL\Code\HModel\display\opengl-renderer\opengl-renderer.cpp(307): warning C4244: '=' : conversion from 'double' to 'float', possible loss of data
     1>C:\Users\tkach\OneDrive\EPFL\Code\HModel\display\opengl-renderer\opengl-renderer.cpp(308): warning C4244: '=' : conversion from 'double' to 'float', possible loss of data
     1>C:\Users\tkach\OneDrive\EPFL\Code\HModel\display\opengl-renderer\opengl-renderer.cpp(309): warning C4244: '=' : conversion from 'double' to 'float', possible loss of data
     1>C:\Users\tkach\OneDrive\EPFL\Code\HModel\display\opengl-renderer\opengl-renderer.cpp(310): warning C4244: '=' : conversion from 'double' to 'float', possible loss of data
     1>C:\Users\tkach\OneDrive\EPFL\Code\HModel\display\opengl-renderer\opengl-renderer.cpp(333): warning C4244: 'argument' : conversion from '__int64' to 'int', possible loss of data
     1>C:\Users\tkach\OneDrive\EPFL\Code\HModel\display\opengl-renderer\opengl-renderer.cpp(334): warning C4244: 'argument' : conversion from '__int64' to 'int', possible loss of data
     1>C:\Users\tkach\OneDrive\EPFL\Code\HModel\display\opengl-renderer\opengl-renderer.cpp(335): warning C4244: 'argument' : conversion from '__int64' to 'int', possible loss of data
     1>C:\Users\tkach\OneDrive\EPFL\Code\HModel\display\opengl-renderer\opengl-renderer.cpp(336): warning C4244: 'argument' : conversion from '__int64' to 'int', possible loss of data
     1>C:\Users\tkach\OneDrive\EPFL\Code\HModel\display\opengl-renderer\opengl-renderer.cpp(344): warning C4244: 'argument' : conversion from 'unsigned __int64' to 'GLfloat', possible loss of data
     1>C:\Users\tkach\OneDrive\EPFL\Code\HModel\display\opengl-renderer\opengl-renderer.cpp(345): warning C4267: 'argument' : conversion from 'size_t' to 'GLsizei', possible loss of data
     1>C:\Users\tkach\OneDrive\EPFL\Code\HModel\display\opengl-renderer\opengl-renderer.cpp(346): warning C4267: 'argument' : conversion from 'size_t' to 'GLsizei', possible loss of data
     1>C:\Users\tkach\OneDrive\EPFL\Code\HModel\display\opengl-renderer\opengl-renderer.cpp(347): warning C4267: 'argument' : conversion from 'size_t' to 'GLsizei', possible loss of data
     1>C:\Users\tkach\OneDrive\EPFL\Code\HModel\display\opengl-renderer\opengl-renderer.cpp(348): warning C4267: 'argument' : conversion from 'size_t' to 'GLsizei', possible loss of data
     1>C:\Users\tkach\OneDrive\EPFL\Code\HModel\display\opengl-renderer\opengl-renderer.cpp(349): warning C4267: 'argument' : conversion from 'size_t' to 'GLsizei', possible loss of data
     1>C:\Users\tkach\OneDrive\EPFL\Code\HModel\display\opengl-renderer\opengl-renderer.cpp(350): warning C4267: 'argument' : conversion from 'size_t' to 'GLsizei', possible loss of data
     1>C:\Users\tkach\OneDrive\EPFL\Code\HModel\display\opengl-renderer\opengl-renderer.cpp(351): warning C4267: 'argument' : conversion from 'size_t' to 'GLsizei', possible loss of data
     1>C:\Users\tkach\OneDrive\EPFL\Code\HModel\display\opengl-renderer\opengl-renderer.cpp(352): warning C4267: 'argument' : conversion from 'size_t' to 'GLsizei', possible loss of data
     1>C:\Users\tkach\OneDrive\EPFL\Code\HModel\display\opengl-renderer\opengl-renderer.cpp(353): warning C4267: 'argument' : conversion from 'size_t' to 'GLsizei', possible loss of data
     1>C:\Users\tkach\OneDrive\EPFL\Code\HModel\display\opengl-renderer\opengl-renderer.cpp(442): warning C4244: 'argument' : conversion from 'int' to 'GLfloat', possible loss of data
     1>C:\Users\tkach\OneDrive\EPFL\Code\HModel\display\opengl-renderer\opengl-renderer.cpp(446): warning C4244: 'argument' : conversion from 'int' to 'GLfloat', possible loss of data
     1>C:\Developer\include\OpenGP/GL/EigenOpenGLSupport3.h(232): warning C4244: 'initializing' : conversion from 'double' to 'float', possible loss of data
                 C:\Users\tkach\OneDrive\EPFL\Code\HModel\display\opengl-renderer\opengl-renderer.cpp(206) : see reference to function template instantiation 'Eigen::Matrix<float,4,4,0,4,4> Eigen::perspective<float>(Scalar,Scalar,Scalar,Scalar)' being compiled
                 with
                 [
                     Scalar=float
                 ]
     1>C:\Developer\include\OpenGP/GL/EigenOpenGLSupport3.h(233): warning C4244: 'initializing' : conversion from 'double' to 'float', possible loss of data
     1>C:\Developer\include\OpenGP/GL/EigenOpenGLSupport3.h(234): warning C4244: '=' : conversion from 'double' to 'float', possible loss of data
     1>C:\Developer\include\OpenGP/GL/EigenOpenGLSupport3.h(235): warning C4244: '=' : conversion from 'double' to 'float', possible loss of data
     1>C:\Developer\include\OpenGP/GL/EigenOpenGLSupport3.h(238): warning C4244: '=' : conversion from 'double' to 'float', possible loss of data
     1>C:\Users\tkach\OneDrive\EPFL\Code\HModel\display\opengl-renderer\opengl-renderer.cpp(270): warning C4244: '=' : conversion from 'double' to 'float', possible loss of data
                 C:\Users\tkach\OneDrive\EPFL\Code\HModel\display\opengl-renderer\opengl-renderer.cpp(333) : see reference to function template instantiation 'std::vector<opengp::Point,std::allocator<_Ty>> Model::parse_centers<Eigen::Vector3f>(double *,int)' being compiled
                 with
                 [
                     _Ty=opengp::Point
                 ]
     1>C:\Users\tkach\OneDrive\EPFL\Code\HModel\display\opengl-renderer\opengl-renderer.cpp(270): warning C4244: '=' : conversion from 'double' to 'int', possible loss of data
                 C:\Users\tkach\OneDrive\EPFL\Code\HModel\display\opengl-renderer\opengl-renderer.cpp(335) : see reference to function template instantiation 'std::vector<Eigen::Vector3i,std::allocator<_Ty>> Model::parse_centers<Eigen::Vector3i>(double *,int)' being compiled
                 with
                 [
                     _Ty=Eigen::Vector3i
                 ]
       Link:
         C:\Program Files (x86)\Microsoft Visual Studio 12.0\VC\bin\x86_amd64\link.exe /ERRORREPORT:PROMPT /OUT:"C:\Users\tkach\OneDrive\EPFL\Code\HModel\display\opengl-renderer-build\Debug\opengl-renderer.exe" /INCREMENTAL /NOLOGO kernel32.lib user32.lib gdi32.lib winspool.lib shell32.lib ole32.lib oleaut32.lib uuid.lib comdlg32.lib advapi32.lib glu32.lib opengl32.lib C:\Developer\lib\GLFW.lib C:\Developer\lib\glew32s.lib /MANIFEST /MANIFESTUAC:"level='asInvoker' uiAccess='false'" /manifest:embed /DEBUG /PDB:"C:/Users/tkach/OneDrive/EPFL/Code/HModel/display/opengl-renderer-build/Debug/opengl-renderer.pdb" /SUBSYSTEM:CONSOLE /TLBID:1 /DYNAMICBASE /NXCOMPAT /IMPLIB:"C:/Users/tkach/OneDrive/EPFL/Code/HModel/display/opengl-renderer-build/Debug/opengl-renderer.lib" /MACHINE:X64  /machine:x64 /debug "opengl-renderer.dir\Debug\opengl-renderer.obj"
         opengl-renderer.vcxproj -> C:\Users\tkach\OneDrive\EPFL\Code\HModel\display\opengl-renderer-build\Debug\opengl-renderer.exe
     1>Done Building Project "C:\Users\tkach\OneDrive\EPFL\Code\HModel\display\opengl-renderer-build\opengl-renderer.vcxproj" (Build target(s)).

Build succeeded.

Time Elapsed 00:00:02.06
